<?xml version="1.0" encoding="UTF-8"?><testrun name="ProductTestService" project="server" tests="4" started="4" failures="2" errors="0" ignored="0">
  <testsuite name="com.example.Finoana.Sevices.ProductTestService" time="1.908" displayname="ProductTestService" uniqueid="[engine:junit-jupiter]/[class:com.example.Finoana.Sevices.ProductTestService]">
    <testcase name="testFindByIdSucceed" classname="com.example.Finoana.Sevices.ProductTestService" time="1.839" displayname="test find by id succeed" uniqueid="[engine:junit-jupiter]/[class:com.example.Finoana.Sevices.ProductTestService]/[method:testFindByIdSucceed()]">
      <failure>
        <expected>Coca cola

1500.0

</expected>
        <actual>Coca Cola

1500.0

</actual>
        org.opentest4j.MultipleFailuresError: Multiple Failures (2 failures)
	org.opentest4j.AssertionFailedError: expected: &lt;Coca cola&gt; but was: &lt;Coca Cola&gt;
	org.opentest4j.AssertionFailedError: expected: java.lang.Double@41477a6d&lt;1500.0&gt; but was: java.math.BigDecimal@2bc12da&lt;1500.0&gt;
	at org.junit.jupiter.api.AssertAll.assertAll(AssertAll.java:80)
	at org.junit.jupiter.api.AssertAll.assertAll(AssertAll.java:44)
	at org.junit.jupiter.api.AssertAll.assertAll(AssertAll.java:38)
	at org.junit.jupiter.api.Assertions.assertAll(Assertions.java:2944)
	at com.example.Finoana.Sevices.ProductTestService.testFindByIdSucceed(ProductTestService.java:89)
	at java.base/java.lang.reflect.Method.invoke(Method.java:568)
	at java.base/java.util.ArrayList.forEach(ArrayList.java:1511)
	at java.base/java.util.ArrayList.forEach(ArrayList.java:1511)
	Suppressed: org.opentest4j.AssertionFailedError: expected: &lt;Coca cola&gt; but was: &lt;Coca Cola&gt;
		at org.junit.jupiter.api.AssertionFailureBuilder.build(AssertionFailureBuilder.java:151)
		at org.junit.jupiter.api.AssertionFailureBuilder.buildAndThrow(AssertionFailureBuilder.java:132)
		at org.junit.jupiter.api.AssertEquals.failNotEqual(AssertEquals.java:197)
		at org.junit.jupiter.api.AssertEquals.assertEquals(AssertEquals.java:182)
		at org.junit.jupiter.api.AssertEquals.assertEquals(AssertEquals.java:177)
		at org.junit.jupiter.api.Assertions.assertEquals(Assertions.java:1145)
		at com.example.Finoana.Sevices.ProductTestService.lambda$8(ProductTestService.java:91)
		at org.junit.jupiter.api.AssertAll.lambda$assertAll$0(AssertAll.java:68)
		at java.base/java.util.stream.ReferencePipeline$3$1.accept(ReferencePipeline.java:197)
		at java.base/java.util.Spliterators$ArraySpliterator.forEachRemaining(Spliterators.java:992)
		at java.base/java.util.stream.AbstractPipeline.copyInto(AbstractPipeline.java:509)
		at java.base/java.util.stream.AbstractPipeline.wrapAndCopyInto(AbstractPipeline.java:499)
		at java.base/java.util.stream.ReduceOps$ReduceOp.evaluateSequential(ReduceOps.java:921)
		at java.base/java.util.stream.AbstractPipeline.evaluate(AbstractPipeline.java:234)
		at java.base/java.util.stream.ReferencePipeline.collect(ReferencePipeline.java:682)
		at org.junit.jupiter.api.AssertAll.assertAll(AssertAll.java:77)
		... 7 more
	Suppressed: org.opentest4j.AssertionFailedError: expected: java.lang.Double@41477a6d&lt;1500.0&gt; but was: java.math.BigDecimal@2bc12da&lt;1500.0&gt;
		at org.junit.jupiter.api.AssertionFailureBuilder.build(AssertionFailureBuilder.java:151)
		at org.junit.jupiter.api.AssertionFailureBuilder.buildAndThrow(AssertionFailureBuilder.java:132)
		at org.junit.jupiter.api.AssertEquals.failNotEqual(AssertEquals.java:197)
		at org.junit.jupiter.api.AssertEquals.assertEquals(AssertEquals.java:182)
		at org.junit.jupiter.api.AssertEquals.assertEquals(AssertEquals.java:177)
		at org.junit.jupiter.api.Assertions.assertEquals(Assertions.java:1145)
		at com.example.Finoana.Sevices.ProductTestService.lambda$10(ProductTestService.java:93)
		at org.junit.jupiter.api.AssertAll.lambda$assertAll$0(AssertAll.java:68)
		at java.base/java.util.stream.ReferencePipeline$3$1.accept(ReferencePipeline.java:197)
		at java.base/java.util.Spliterators$ArraySpliterator.forEachRemaining(Spliterators.java:992)
		at java.base/java.util.stream.AbstractPipeline.copyInto(AbstractPipeline.java:509)
		at java.base/java.util.stream.AbstractPipeline.wrapAndCopyInto(AbstractPipeline.java:499)
		at java.base/java.util.stream.ReduceOps$ReduceOp.evaluateSequential(ReduceOps.java:921)
		at java.base/java.util.stream.AbstractPipeline.evaluate(AbstractPipeline.java:234)
		at java.base/java.util.stream.ReferencePipeline.collect(ReferencePipeline.java:682)
		at org.junit.jupiter.api.AssertAll.assertAll(AssertAll.java:77)
		... 7 more


      </failure>
    </testcase>
    <testcase name="testFindByName" classname="com.example.Finoana.Sevices.ProductTestService" time="0.03" displayname="Test find product by name" uniqueid="[engine:junit-jupiter]/[class:com.example.Finoana.Sevices.ProductTestService]/[method:testFindByName()]"/>
    <testcase name="testFindByIdFailed" classname="com.example.Finoana.Sevices.ProductTestService" time="0.008" displayname="test find by id failed" uniqueid="[engine:junit-jupiter]/[class:com.example.Finoana.Sevices.ProductTestService]/[method:testFindByIdFailed()]"/>
    <testcase name="testFindByEmptyName" classname="com.example.Finoana.Sevices.ProductTestService" time="0.027" displayname="Test find product by name with an empty value" uniqueid="[engine:junit-jupiter]/[class:com.example.Finoana.Sevices.ProductTestService]/[method:testFindByEmptyName()]">
      <failure>
        <expected>1800.0

</expected>
        <actual>1800.0

</actual>
        org.opentest4j.MultipleFailuresError: Multiple Failures (1 failure)
	org.opentest4j.AssertionFailedError: expected: java.lang.Double@67a056f1&lt;1800.0&gt; but was: java.math.BigDecimal@1dab9dd6&lt;1800.0&gt;
	at org.junit.jupiter.api.AssertAll.assertAll(AssertAll.java:80)
	at org.junit.jupiter.api.AssertAll.assertAll(AssertAll.java:44)
	at org.junit.jupiter.api.AssertAll.assertAll(AssertAll.java:38)
	at org.junit.jupiter.api.Assertions.assertAll(Assertions.java:2944)
	at com.example.Finoana.Sevices.ProductTestService.testFindByEmptyName(ProductTestService.java:73)
	at java.base/java.lang.reflect.Method.invoke(Method.java:568)
	at java.base/java.util.ArrayList.forEach(ArrayList.java:1511)
	at java.base/java.util.ArrayList.forEach(ArrayList.java:1511)
	Suppressed: org.opentest4j.AssertionFailedError: expected: java.lang.Double@67a056f1&lt;1800.0&gt; but was: java.math.BigDecimal@1dab9dd6&lt;1800.0&gt;
		at org.junit.jupiter.api.AssertionFailureBuilder.build(AssertionFailureBuilder.java:151)
		at org.junit.jupiter.api.AssertionFailureBuilder.buildAndThrow(AssertionFailureBuilder.java:132)
		at org.junit.jupiter.api.AssertEquals.failNotEqual(AssertEquals.java:197)
		at org.junit.jupiter.api.AssertEquals.assertEquals(AssertEquals.java:182)
		at org.junit.jupiter.api.AssertEquals.assertEquals(AssertEquals.java:177)
		at org.junit.jupiter.api.Assertions.assertEquals(Assertions.java:1145)
		at com.example.Finoana.Sevices.ProductTestService.lambda$5(ProductTestService.java:77)
		at org.junit.jupiter.api.AssertAll.lambda$assertAll$0(AssertAll.java:68)
		at java.base/java.util.stream.ReferencePipeline$3$1.accept(ReferencePipeline.java:197)
		at java.base/java.util.Spliterators$ArraySpliterator.forEachRemaining(Spliterators.java:992)
		at java.base/java.util.stream.AbstractPipeline.copyInto(AbstractPipeline.java:509)
		at java.base/java.util.stream.AbstractPipeline.wrapAndCopyInto(AbstractPipeline.java:499)
		at java.base/java.util.stream.ReduceOps$ReduceOp.evaluateSequential(ReduceOps.java:921)
		at java.base/java.util.stream.AbstractPipeline.evaluate(AbstractPipeline.java:234)
		at java.base/java.util.stream.ReferencePipeline.collect(ReferencePipeline.java:682)
		at org.junit.jupiter.api.AssertAll.assertAll(AssertAll.java:77)
		... 7 more


      </failure>
    </testcase>
  </testsuite>
</testrun>
